<?xml version="1.0" encoding="UTF-8"?>
<!-- Generated by org.testng.reporters.JUnitXMLReporter -->
<testsuite hostname="AKSHAYKALLURWAR" name="HubSpot Regression Test cases" tests="4" failures="0" timestamp="2 Feb 2020 18:35:48 GMT" time="64.364" errors="0">
  <testcase name="verifyHomePageTitleTest" time="7.088" classname="com.qa.hubspot.test.HomePageTest"/>
  <testcase name="verifyHomePageHeaderTest" time="6.806" classname="com.qa.hubspot.test.HomePageTest"/>
  <testcase name="verifyLoginPageTitleTest" time="0.288" classname="com.qa.hubspot.test.LoginPageTest"/>
  <testcase name="loginTest" time="6.709" classname="com.qa.hubspot.test.LoginPageTest"/>
</testsuite> <!-- HubSpot Regression Test cases -->
